<?xml version="1.0" encoding="UTF-8"?>
<!-- Generated by org.testng.reporters.JUnitXMLReporter -->
<testsuite ignored="0" hostname="cutepuja" failures="1" tests="3" name="Surefire test" time="57.927" errors="0" timestamp="26 Apr 2020 07:23:30 GMT">
  <testcase classname="testdatapage.Logintest" name="verifyloginpagetitletest" time="0.048"/>
  <testcase classname="testdatapage.Logintest" name="verifysignuplinktest" time="8.306"/>
  <testcase classname="testdatapage.Logintest" name="logintest" time="41.818">
    <failure type="java.lang.AssertionError" message="expected [ null ] but found [null]">
      <![CDATA[java.lang.AssertionError: expected [ null ] but found [null]
at testdatapage.Logintest.logintest(Logintest.java:57)
... Removed 36 stack frames]]>
    </failure>
  </testcase> <!-- logintest -->
</testsuite> <!-- Surefire test -->
