<?xml version="1.0" encoding="UTF-8"?>
<!-- Generated by org.testng.reporters.JUnitXMLReporter -->
<testsuite ignored="0" hostname="cutepuja" failures="0" tests="5" name="Default test" time="109.253" errors="0" timestamp="02 May 2020 08:41:42 GMT">
  <testcase classname="testdatapage.Contactspagetest" name="verifycontactspagetitle" time="0.616"/>
  <testcase classname="testdatapage.Contactspagetest" name="createcontacttest" time="13.626"/>
  <testcase classname="testdatapage.Contactspagetest" name="createcontacttest" time="12.786"/>
  <testcase classname="testdatapage.Contactspagetest" name="createcontacttest" time="13.077"/>
  <testcase classname="testdatapage.Contactspagetest" name="createcontacttest" time="13.561"/>
</testsuite> <!-- Default test -->
