<?xml version="1.0" encoding="UTF-8"?>
<!-- Generated by org.testng.reporters.JUnitXMLReporter -->
<testsuite ignored="0" hostname="cutepuja" failures="0" tests="6" name="hub spot functional regression suit test cases " time="424.067" errors="0" timestamp="14 May 2020 06:42:08 GMT">
  <testcase classname="testdatapage.Logintest" name="@BeforeTest setup" time="0.0">
    <failure type="org.testng.TestNGException" message="
Parameter &amp;apos;browser&amp;apos; is required by BeforeTest on method setup but has not been marked @Optional or defined
in C:\Users\cute puja\eclipse-workspace\aprilpomser\src\test\resourse\testrunner\testng.xml">
      <![CDATA[org.testng.TestNGException: 
Parameter 'browser' is required by BeforeTest on method setup but has not been marked @Optional or defined
in C:\Users\cute puja\eclipse-workspace\aprilpomser\src\test\resourse\testrunner\testng.xml
... Removed 21 stack frames]]>
    </failure>
  </testcase> <!-- @BeforeTest setup -->
  <testcase classname="testdatapage.Homepagetest" name="@AfterTest teardown" time="0.0">
    <skipped/>
  </testcase> <!-- @AfterTest teardown -->
  <testcase classname="testdatapage.Logintest" name="@AfterTest teardown" time="0.0">
    <skipped/>
  </testcase> <!-- @AfterTest teardown -->
  <testcase classname="testdatapage.Homepagetest" name="verifyhomepagetitleTest" time="0.0">
    <skipped/>
  </testcase> <!-- verifyhomepagetitleTest -->
  <testcase classname="testdatapage.Logintest" name="verifyloginpagetitletest" time="0.0">
    <skipped/>
  </testcase> <!-- verifyloginpagetitletest -->
  <testcase classname="testdatapage.Homepagetest" name="verifyhomepageheadertest" time="0.0">
    <skipped/>
  </testcase> <!-- verifyhomepageheadertest -->
  <testcase classname="testdatapage.Logintest" name="verifysignuplinktest" time="0.0">
    <skipped/>
  </testcase> <!-- verifysignuplinktest -->
  <testcase classname="testdatapage.Homepagetest" name="verifyloggedinusertest" time="0.0">
    <skipped/>
  </testcase> <!-- verifyloggedinusertest -->
  <testcase classname="testdatapage.Logintest" name="logintest" time="0.0">
    <skipped/>
  </testcase> <!-- logintest -->
</testsuite> <!-- hub spot functional regression suit test cases  -->
