<?xml version="1.0" encoding="UTF-8"?>
<!-- Generated by org.testng.reporters.JUnitXMLReporter -->
<testsuite ignored="0" hostname="cutepuja" failures="0" tests="3" name="hub spot functional regression suit test cases -chrome" time="55.486" errors="0" timestamp="06 May 2020 06:13:39 GMT">
  <testcase classname="testdatapage.Logintest" name="verifyloginpagetitletest" time="0.056"/>
  <testcase classname="testdatapage.Logintest" name="verifysignuplinktest" time="17.864"/>
  <testcase classname="testdatapage.Logintest" name="logintest" time="25.289"/>
</testsuite> <!-- hub spot functional regression suit test cases -chrome -->
