<?xml version="1.0" encoding="UTF-8"?>
<!-- Generated by org.testng.reporters.JUnitXMLReporter -->
<testsuite ignored="0" hostname="cutepuja" failures="0" tests="3" name="hub spot functional regression suit test cases -chrome" time="93.304" errors="0" timestamp="13 May 2020 07:11:11 GMT">
  <testcase classname="testdatapage.Logintest" name="verifyloginpagetitletest" time="0.258"/>
  <testcase classname="testdatapage.Logintest" name="verifysignuplinktest" time="15.177"/>
  <testcase classname="testdatapage.Logintest" name="logintest" time="45.876"/>
</testsuite> <!-- hub spot functional regression suit test cases -chrome -->
