<?xml version="1.0" encoding="UTF-8"?>
<testsuite xmlns:xsi="http://www.w3.org/2001/XMLSchema-instance" xsi:noNamespaceSchemaLocation="https://maven.apache.org/surefire/maven-surefire-plugin/xsd/surefire-test-report-3.0.xsd" version="3.0" name="testdatapage.Logintest" time="58.872" tests="3" errors="0" skipped="0" failures="1">
  <properties>
[...]
</properties>
  <testcase name="verifyloginpagetitletest" classname="testdatapage.Logintest" time="0.053"/>
  <testcase name="verifysignuplinktest" classname="testdatapage.Logintest" time="8.306"/>
  <testcase name="logintest" classname="testdatapage.Logintest" time="41.832">
    <failure message="expected [ null ] but found [null]" type="java.lang.AssertionError"><![CDATA[java.lang.AssertionError: expected [ null ] but found [null]
	at testdatapage.Logintest.logintest(Logintest.java:57)
]]></failure>
    <system-out><![CDATA[some exception got occured while creating hte webelement 
some exception got occured while getting the text in hte webelement 
]]></system-out>
  </testcase>
</testsuite>