<?xml version="1.0" encoding="UTF-8"?>
<testng-results ignored="0" total="6" passed="3" failed="0" skipped="3">
  <reporter-output>
  </reporter-output>
  <suite started-at="2020-05-13T07:08:45Z" name="Hubspot regerssion suite" finished-at="2020-05-13T07:11:11Z" duration-ms="145488">
    <groups>
      <group name="sanity">
        <method signature="Logintest.verifysignuplinktest()[pri:2, instance:testdatapage.Logintest@117bcfdc]" name="verifysignuplinktest" class="testdatapage.Logintest"/>
        <method signature="Logintest.verifysignuplinktest()[pri:2, instance:testdatapage.Logintest@28e19366]" name="verifysignuplinktest" class="testdatapage.Logintest"/>
      </group> <!-- sanity -->
    </groups>
    <test started-at="2020-05-13T07:08:45Z" name="hub spot functional regression suit test cases -FF" finished-at="2020-05-13T07:09:35Z" duration-ms="49521">
      <class name="testdatapage.Logintest">
        <test-method is-config="true" signature="setup(java.lang.String)[pri:0, instance:testdatapage.Logintest@117bcfdc]" started-at="2020-05-13T07:08:45Z" name="setup" finished-at="2020-05-13T07:09:32Z" duration-ms="46130" status="FAIL">
          <params>
            <param index="0">
              <value>
                <![CDATA[firefox]]>
              </value>
            </param>
          </params>
          <exception class="org.openqa.selenium.SessionNotCreatedException">
            <message>
              <![CDATA[session not created: This version of ChromeDriver only supports Chrome version 83
Build info: version: '3.141.59', revision: 'e82be7d358', time: '2018-11-14T08:17:03'
System info: host: 'CUTEPUJA', ip: '192.168.1.13', os.name: 'Windows 8.1', os.arch: 'amd64', os.version: '6.3', java.version: '9.0.4'
Driver info: driver.version: ChromeDriver
remote stacktrace: Backtrace:
Ordinal0 [0x01419563+2725219]
Ordinal0 [0x01318551+1672529]
Ordinal0 [0x01200359+525145]
Ordinal0 [0x01190B77+68471]
Ordinal0 [0x0118D32C+54060]
Ordinal0 [0x011ACC37+183351]
Ordinal0 [0x011ACA3D+182845]
Ordinal0 [0x011AA94B+174411]
Ordinal0 [0x01192528+75048]
Ordinal0 [0x011935A0+79264]
Ordinal0 [0x01193539+79161]
Ordinal0 [0x0132D607+1758727]
GetHandleVerifier [0x01536546+1050150]
GetHandleVerifier [0x01536291+1049457]
GetHandleVerifier [0x015410D7+1094071]
GetHandleVerifier [0x01536B46+1051686]
Ordinal0 [0x01325B06+1727238]
Ordinal0 [0x0132EB7B+1764219]
Ordinal0 [0x0132ECE3+1764579]
Ordinal0 [0x01344C05+1854469]
BaseThreadInitThunk [0x77686A14+36]
RtlInitializeExceptionChain [0x7791AB4F+143]
RtlInitializeExceptionChain [0x7791AB1A+90]
]]>
            </message>
            <full-stacktrace>
              <![CDATA[org.openqa.selenium.SessionNotCreatedException: session not created: This version of ChromeDriver only supports Chrome version 83
Build info: version: '3.141.59', revision: 'e82be7d358', time: '2018-11-14T08:17:03'
System info: host: 'CUTEPUJA', ip: '192.168.1.13', os.name: 'Windows 8.1', os.arch: 'amd64', os.version: '6.3', java.version: '9.0.4'
Driver info: driver.version: ChromeDriver
remote stacktrace: Backtrace:
Ordinal0 [0x01419563+2725219]
Ordinal0 [0x01318551+1672529]
Ordinal0 [0x01200359+525145]
Ordinal0 [0x01190B77+68471]
Ordinal0 [0x0118D32C+54060]
Ordinal0 [0x011ACC37+183351]
Ordinal0 [0x011ACA3D+182845]
Ordinal0 [0x011AA94B+174411]
Ordinal0 [0x01192528+75048]
Ordinal0 [0x011935A0+79264]
Ordinal0 [0x01193539+79161]
Ordinal0 [0x0132D607+1758727]
GetHandleVerifier [0x01536546+1050150]
GetHandleVerifier [0x01536291+1049457]
GetHandleVerifier [0x015410D7+1094071]
GetHandleVerifier [0x01536B46+1051686]
Ordinal0 [0x01325B06+1727238]
Ordinal0 [0x0132EB7B+1764219]
Ordinal0 [0x0132ECE3+1764579]
Ordinal0 [0x01344C05+1854469]
BaseThreadInitThunk [0x77686A14+36]
RtlInitializeExceptionChain [0x7791AB4F+143]
RtlInitializeExceptionChain [0x7791AB1A+90]

at java.base/jdk.internal.reflect.NativeConstructorAccessorImpl.newInstance0(Native Method)
at java.base/jdk.internal.reflect.NativeConstructorAccessorImpl.newInstance(NativeConstructorAccessorImpl.java:62)
at java.base/jdk.internal.reflect.DelegatingConstructorAccessorImpl.newInstance(DelegatingConstructorAccessorImpl.java:45)
at java.base/java.lang.reflect.Constructor.newInstance(Constructor.java:488)
at org.openqa.selenium.remote.W3CHandshakeResponse.lambda$errorHandler$0(W3CHandshakeResponse.java:62)
at org.openqa.selenium.remote.HandshakeResponse.lambda$getResponseFunction$0(HandshakeResponse.java:30)
at org.openqa.selenium.remote.ProtocolHandshake.lambda$createSession$0(ProtocolHandshake.java:126)
at java.base/java.util.stream.ReferencePipeline$3$1.accept(ReferencePipeline.java:195)
at java.base/java.util.Spliterators$ArraySpliterator.tryAdvance(Spliterators.java:958)
at java.base/java.util.stream.ReferencePipeline.forEachWithCancel(ReferencePipeline.java:127)
at java.base/java.util.stream.AbstractPipeline.copyIntoWithCancel(AbstractPipeline.java:502)
at java.base/java.util.stream.AbstractPipeline.copyInto(AbstractPipeline.java:488)
at java.base/java.util.stream.AbstractPipeline.wrapAndCopyInto(AbstractPipeline.java:474)
at java.base/java.util.stream.FindOps$FindOp.evaluateSequential(FindOps.java:152)
at java.base/java.util.stream.AbstractPipeline.evaluate(AbstractPipeline.java:234)
at java.base/java.util.stream.ReferencePipeline.findFirst(ReferencePipeline.java:476)
at org.openqa.selenium.remote.ProtocolHandshake.createSession(ProtocolHandshake.java:128)
at org.openqa.selenium.remote.ProtocolHandshake.createSession(ProtocolHandshake.java:74)
at org.openqa.selenium.remote.HttpCommandExecutor.execute(HttpCommandExecutor.java:136)
at org.openqa.selenium.remote.service.DriverCommandExecutor.execute(DriverCommandExecutor.java:83)
at org.openqa.selenium.remote.RemoteWebDriver.execute(RemoteWebDriver.java:552)
at org.openqa.selenium.remote.RemoteWebDriver.startSession(RemoteWebDriver.java:213)
at org.openqa.selenium.remote.RemoteWebDriver.<init>(RemoteWebDriver.java:131)
at org.openqa.selenium.chrome.ChromeDriver.<init>(ChromeDriver.java:181)
at org.openqa.selenium.chrome.ChromeDriver.<init>(ChromeDriver.java:168)
at org.openqa.selenium.chrome.ChromeDriver.<init>(ChromeDriver.java:123)
at base.Base.initdriver(Base.java:51)
at testdatapage.Logintest.setup(Logintest.java:48)
at java.base/jdk.internal.reflect.NativeMethodAccessorImpl.invoke0(Native Method)
at java.base/jdk.internal.reflect.NativeMethodAccessorImpl.invoke(NativeMethodAccessorImpl.java:62)
at java.base/jdk.internal.reflect.DelegatingMethodAccessorImpl.invoke(DelegatingMethodAccessorImpl.java:43)
at java.base/java.lang.reflect.Method.invoke(Method.java:564)
at org.testng.internal.MethodInvocationHelper.invokeMethod(MethodInvocationHelper.java:124)
at org.testng.internal.MethodInvocationHelper.invokeMethodConsideringTimeout(MethodInvocationHelper.java:59)
at org.testng.internal.Invoker.invokeConfigurationMethod(Invoker.java:458)
at org.testng.internal.Invoker.invokeConfigurations(Invoker.java:222)
at org.testng.internal.Invoker.invokeConfigurations(Invoker.java:142)
at org.testng.TestRunner.beforeRun(TestRunner.java:529)
at org.testng.TestRunner.run(TestRunner.java:497)
at org.testng.SuiteRunner.runTest(SuiteRunner.java:455)
at org.testng.SuiteRunner.runSequentially(SuiteRunner.java:450)
at org.testng.SuiteRunner.privateRun(SuiteRunner.java:415)
at org.testng.SuiteRunner.run(SuiteRunner.java:364)
at org.testng.SuiteRunnerWorker.runSuite(SuiteRunnerWorker.java:52)
at org.testng.SuiteRunnerWorker.run(SuiteRunnerWorker.java:84)
at org.testng.TestNG.runSuitesSequentially(TestNG.java:1208)
at org.testng.TestNG.runSuitesLocally(TestNG.java:1137)
at org.testng.TestNG.runSuites(TestNG.java:1049)
at org.testng.TestNG.run(TestNG.java:1017)
at org.testng.remote.AbstractRemoteTestNG.run(AbstractRemoteTestNG.java:115)
at org.testng.remote.RemoteTestNG.initAndRun(RemoteTestNG.java:251)
at org.testng.remote.RemoteTestNG.main(RemoteTestNG.java:77)
]]>
            </full-stacktrace>
          </exception> <!-- org.openqa.selenium.SessionNotCreatedException -->
          <reporter-output>
          </reporter-output>
        </test-method> <!-- setup -->
        <test-method signature="verifyloginpagetitletest()[pri:1, instance:testdatapage.Logintest@117bcfdc]" started-at="2020-05-13T07:09:35Z" name="verifyloginpagetitletest" finished-at="2020-05-13T07:09:35Z" duration-ms="0" status="SKIP">
          <exception class="org.openqa.selenium.SessionNotCreatedException">
            <message>
              <![CDATA[session not created: This version of ChromeDriver only supports Chrome version 83
Build info: version: '3.141.59', revision: 'e82be7d358', time: '2018-11-14T08:17:03'
System info: host: 'CUTEPUJA', ip: '192.168.1.13', os.name: 'Windows 8.1', os.arch: 'amd64', os.version: '6.3', java.version: '9.0.4'
Driver info: driver.version: ChromeDriver
remote stacktrace: Backtrace:
Ordinal0 [0x01419563+2725219]
Ordinal0 [0x01318551+1672529]
Ordinal0 [0x01200359+525145]
Ordinal0 [0x01190B77+68471]
Ordinal0 [0x0118D32C+54060]
Ordinal0 [0x011ACC37+183351]
Ordinal0 [0x011ACA3D+182845]
Ordinal0 [0x011AA94B+174411]
Ordinal0 [0x01192528+75048]
Ordinal0 [0x011935A0+79264]
Ordinal0 [0x01193539+79161]
Ordinal0 [0x0132D607+1758727]
GetHandleVerifier [0x01536546+1050150]
GetHandleVerifier [0x01536291+1049457]
GetHandleVerifier [0x015410D7+1094071]
GetHandleVerifier [0x01536B46+1051686]
Ordinal0 [0x01325B06+1727238]
Ordinal0 [0x0132EB7B+1764219]
Ordinal0 [0x0132ECE3+1764579]
Ordinal0 [0x01344C05+1854469]
BaseThreadInitThunk [0x77686A14+36]
RtlInitializeExceptionChain [0x7791AB4F+143]
RtlInitializeExceptionChain [0x7791AB1A+90]
]]>
            </message>
            <full-stacktrace>
              <![CDATA[org.openqa.selenium.SessionNotCreatedException: session not created: This version of ChromeDriver only supports Chrome version 83
Build info: version: '3.141.59', revision: 'e82be7d358', time: '2018-11-14T08:17:03'
System info: host: 'CUTEPUJA', ip: '192.168.1.13', os.name: 'Windows 8.1', os.arch: 'amd64', os.version: '6.3', java.version: '9.0.4'
Driver info: driver.version: ChromeDriver
remote stacktrace: Backtrace:
Ordinal0 [0x01419563+2725219]
Ordinal0 [0x01318551+1672529]
Ordinal0 [0x01200359+525145]
Ordinal0 [0x01190B77+68471]
Ordinal0 [0x0118D32C+54060]
Ordinal0 [0x011ACC37+183351]
Ordinal0 [0x011ACA3D+182845]
Ordinal0 [0x011AA94B+174411]
Ordinal0 [0x01192528+75048]
Ordinal0 [0x011935A0+79264]
Ordinal0 [0x01193539+79161]
Ordinal0 [0x0132D607+1758727]
GetHandleVerifier [0x01536546+1050150]
GetHandleVerifier [0x01536291+1049457]
GetHandleVerifier [0x015410D7+1094071]
GetHandleVerifier [0x01536B46+1051686]
Ordinal0 [0x01325B06+1727238]
Ordinal0 [0x0132EB7B+1764219]
Ordinal0 [0x0132ECE3+1764579]
Ordinal0 [0x01344C05+1854469]
BaseThreadInitThunk [0x77686A14+36]
RtlInitializeExceptionChain [0x7791AB4F+143]
RtlInitializeExceptionChain [0x7791AB1A+90]

at java.base/jdk.internal.reflect.NativeConstructorAccessorImpl.newInstance0(Native Method)
at java.base/jdk.internal.reflect.NativeConstructorAccessorImpl.newInstance(NativeConstructorAccessorImpl.java:62)
at java.base/jdk.internal.reflect.DelegatingConstructorAccessorImpl.newInstance(DelegatingConstructorAccessorImpl.java:45)
at java.base/java.lang.reflect.Constructor.newInstance(Constructor.java:488)
at org.openqa.selenium.remote.W3CHandshakeResponse.lambda$errorHandler$0(W3CHandshakeResponse.java:62)
at org.openqa.selenium.remote.HandshakeResponse.lambda$getResponseFunction$0(HandshakeResponse.java:30)
at org.openqa.selenium.remote.ProtocolHandshake.lambda$createSession$0(ProtocolHandshake.java:126)
at java.base/java.util.stream.ReferencePipeline$3$1.accept(ReferencePipeline.java:195)
at java.base/java.util.Spliterators$ArraySpliterator.tryAdvance(Spliterators.java:958)
at java.base/java.util.stream.ReferencePipeline.forEachWithCancel(ReferencePipeline.java:127)
at java.base/java.util.stream.AbstractPipeline.copyIntoWithCancel(AbstractPipeline.java:502)
at java.base/java.util.stream.AbstractPipeline.copyInto(AbstractPipeline.java:488)
at java.base/java.util.stream.AbstractPipeline.wrapAndCopyInto(AbstractPipeline.java:474)
at java.base/java.util.stream.FindOps$FindOp.evaluateSequential(FindOps.java:152)
at java.base/java.util.stream.AbstractPipeline.evaluate(AbstractPipeline.java:234)
at java.base/java.util.stream.ReferencePipeline.findFirst(ReferencePipeline.java:476)
at org.openqa.selenium.remote.ProtocolHandshake.createSession(ProtocolHandshake.java:128)
at org.openqa.selenium.remote.ProtocolHandshake.createSession(ProtocolHandshake.java:74)
at org.openqa.selenium.remote.HttpCommandExecutor.execute(HttpCommandExecutor.java:136)
at org.openqa.selenium.remote.service.DriverCommandExecutor.execute(DriverCommandExecutor.java:83)
at org.openqa.selenium.remote.RemoteWebDriver.execute(RemoteWebDriver.java:552)
at org.openqa.selenium.remote.RemoteWebDriver.startSession(RemoteWebDriver.java:213)
at org.openqa.selenium.remote.RemoteWebDriver.<init>(RemoteWebDriver.java:131)
at org.openqa.selenium.chrome.ChromeDriver.<init>(ChromeDriver.java:181)
at org.openqa.selenium.chrome.ChromeDriver.<init>(ChromeDriver.java:168)
at org.openqa.selenium.chrome.ChromeDriver.<init>(ChromeDriver.java:123)
at base.Base.initdriver(Base.java:51)
at testdatapage.Logintest.setup(Logintest.java:48)
at java.base/jdk.internal.reflect.NativeMethodAccessorImpl.invoke0(Native Method)
at java.base/jdk.internal.reflect.NativeMethodAccessorImpl.invoke(NativeMethodAccessorImpl.java:62)
at java.base/jdk.internal.reflect.DelegatingMethodAccessorImpl.invoke(DelegatingMethodAccessorImpl.java:43)
at java.base/java.lang.reflect.Method.invoke(Method.java:564)
at org.testng.internal.MethodInvocationHelper.invokeMethod(MethodInvocationHelper.java:124)
at org.testng.internal.MethodInvocationHelper.invokeMethodConsideringTimeout(MethodInvocationHelper.java:59)
at org.testng.internal.Invoker.invokeConfigurationMethod(Invoker.java:458)
at org.testng.internal.Invoker.invokeConfigurations(Invoker.java:222)
at org.testng.internal.Invoker.invokeConfigurations(Invoker.java:142)
at org.testng.TestRunner.beforeRun(TestRunner.java:529)
at org.testng.TestRunner.run(TestRunner.java:497)
at org.testng.SuiteRunner.runTest(SuiteRunner.java:455)
at org.testng.SuiteRunner.runSequentially(SuiteRunner.java:450)
at org.testng.SuiteRunner.privateRun(SuiteRunner.java:415)
at org.testng.SuiteRunner.run(SuiteRunner.java:364)
at org.testng.SuiteRunnerWorker.runSuite(SuiteRunnerWorker.java:52)
at org.testng.SuiteRunnerWorker.run(SuiteRunnerWorker.java:84)
at org.testng.TestNG.runSuitesSequentially(TestNG.java:1208)
at org.testng.TestNG.runSuitesLocally(TestNG.java:1137)
at org.testng.TestNG.runSuites(TestNG.java:1049)
at org.testng.TestNG.run(TestNG.java:1017)
at org.testng.remote.AbstractRemoteTestNG.run(AbstractRemoteTestNG.java:115)
at org.testng.remote.RemoteTestNG.initAndRun(RemoteTestNG.java:251)
at org.testng.remote.RemoteTestNG.main(RemoteTestNG.java:77)
]]>
            </full-stacktrace>
          </exception> <!-- org.openqa.selenium.SessionNotCreatedException -->
          <reporter-output>
          </reporter-output>
        </test-method> <!-- verifyloginpagetitletest -->
        <test-method signature="verifysignuplinktest()[pri:2, instance:testdatapage.Logintest@117bcfdc]" started-at="2020-05-13T07:09:35Z" name="verifysignuplinktest" finished-at="2020-05-13T07:09:35Z" duration-ms="0" status="SKIP">
          <exception class="org.openqa.selenium.SessionNotCreatedException">
            <message>
              <![CDATA[session not created: This version of ChromeDriver only supports Chrome version 83
Build info: version: '3.141.59', revision: 'e82be7d358', time: '2018-11-14T08:17:03'
System info: host: 'CUTEPUJA', ip: '192.168.1.13', os.name: 'Windows 8.1', os.arch: 'amd64', os.version: '6.3', java.version: '9.0.4'
Driver info: driver.version: ChromeDriver
remote stacktrace: Backtrace:
Ordinal0 [0x01419563+2725219]
Ordinal0 [0x01318551+1672529]
Ordinal0 [0x01200359+525145]
Ordinal0 [0x01190B77+68471]
Ordinal0 [0x0118D32C+54060]
Ordinal0 [0x011ACC37+183351]
Ordinal0 [0x011ACA3D+182845]
Ordinal0 [0x011AA94B+174411]
Ordinal0 [0x01192528+75048]
Ordinal0 [0x011935A0+79264]
Ordinal0 [0x01193539+79161]
Ordinal0 [0x0132D607+1758727]
GetHandleVerifier [0x01536546+1050150]
GetHandleVerifier [0x01536291+1049457]
GetHandleVerifier [0x015410D7+1094071]
GetHandleVerifier [0x01536B46+1051686]
Ordinal0 [0x01325B06+1727238]
Ordinal0 [0x0132EB7B+1764219]
Ordinal0 [0x0132ECE3+1764579]
Ordinal0 [0x01344C05+1854469]
BaseThreadInitThunk [0x77686A14+36]
RtlInitializeExceptionChain [0x7791AB4F+143]
RtlInitializeExceptionChain [0x7791AB1A+90]
]]>
            </message>
            <full-stacktrace>
              <![CDATA[org.openqa.selenium.SessionNotCreatedException: session not created: This version of ChromeDriver only supports Chrome version 83
Build info: version: '3.141.59', revision: 'e82be7d358', time: '2018-11-14T08:17:03'
System info: host: 'CUTEPUJA', ip: '192.168.1.13', os.name: 'Windows 8.1', os.arch: 'amd64', os.version: '6.3', java.version: '9.0.4'
Driver info: driver.version: ChromeDriver
remote stacktrace: Backtrace:
Ordinal0 [0x01419563+2725219]
Ordinal0 [0x01318551+1672529]
Ordinal0 [0x01200359+525145]
Ordinal0 [0x01190B77+68471]
Ordinal0 [0x0118D32C+54060]
Ordinal0 [0x011ACC37+183351]
Ordinal0 [0x011ACA3D+182845]
Ordinal0 [0x011AA94B+174411]
Ordinal0 [0x01192528+75048]
Ordinal0 [0x011935A0+79264]
Ordinal0 [0x01193539+79161]
Ordinal0 [0x0132D607+1758727]
GetHandleVerifier [0x01536546+1050150]
GetHandleVerifier [0x01536291+1049457]
GetHandleVerifier [0x015410D7+1094071]
GetHandleVerifier [0x01536B46+1051686]
Ordinal0 [0x01325B06+1727238]
Ordinal0 [0x0132EB7B+1764219]
Ordinal0 [0x0132ECE3+1764579]
Ordinal0 [0x01344C05+1854469]
BaseThreadInitThunk [0x77686A14+36]
RtlInitializeExceptionChain [0x7791AB4F+143]
RtlInitializeExceptionChain [0x7791AB1A+90]

at java.base/jdk.internal.reflect.NativeConstructorAccessorImpl.newInstance0(Native Method)
at java.base/jdk.internal.reflect.NativeConstructorAccessorImpl.newInstance(NativeConstructorAccessorImpl.java:62)
at java.base/jdk.internal.reflect.DelegatingConstructorAccessorImpl.newInstance(DelegatingConstructorAccessorImpl.java:45)
at java.base/java.lang.reflect.Constructor.newInstance(Constructor.java:488)
at org.openqa.selenium.remote.W3CHandshakeResponse.lambda$errorHandler$0(W3CHandshakeResponse.java:62)
at org.openqa.selenium.remote.HandshakeResponse.lambda$getResponseFunction$0(HandshakeResponse.java:30)
at org.openqa.selenium.remote.ProtocolHandshake.lambda$createSession$0(ProtocolHandshake.java:126)
at java.base/java.util.stream.ReferencePipeline$3$1.accept(ReferencePipeline.java:195)
at java.base/java.util.Spliterators$ArraySpliterator.tryAdvance(Spliterators.java:958)
at java.base/java.util.stream.ReferencePipeline.forEachWithCancel(ReferencePipeline.java:127)
at java.base/java.util.stream.AbstractPipeline.copyIntoWithCancel(AbstractPipeline.java:502)
at java.base/java.util.stream.AbstractPipeline.copyInto(AbstractPipeline.java:488)
at java.base/java.util.stream.AbstractPipeline.wrapAndCopyInto(AbstractPipeline.java:474)
at java.base/java.util.stream.FindOps$FindOp.evaluateSequential(FindOps.java:152)
at java.base/java.util.stream.AbstractPipeline.evaluate(AbstractPipeline.java:234)
at java.base/java.util.stream.ReferencePipeline.findFirst(ReferencePipeline.java:476)
at org.openqa.selenium.remote.ProtocolHandshake.createSession(ProtocolHandshake.java:128)
at org.openqa.selenium.remote.ProtocolHandshake.createSession(ProtocolHandshake.java:74)
at org.openqa.selenium.remote.HttpCommandExecutor.execute(HttpCommandExecutor.java:136)
at org.openqa.selenium.remote.service.DriverCommandExecutor.execute(DriverCommandExecutor.java:83)
at org.openqa.selenium.remote.RemoteWebDriver.execute(RemoteWebDriver.java:552)
at org.openqa.selenium.remote.RemoteWebDriver.startSession(RemoteWebDriver.java:213)
at org.openqa.selenium.remote.RemoteWebDriver.<init>(RemoteWebDriver.java:131)
at org.openqa.selenium.chrome.ChromeDriver.<init>(ChromeDriver.java:181)
at org.openqa.selenium.chrome.ChromeDriver.<init>(ChromeDriver.java:168)
at org.openqa.selenium.chrome.ChromeDriver.<init>(ChromeDriver.java:123)
at base.Base.initdriver(Base.java:51)
at testdatapage.Logintest.setup(Logintest.java:48)
at java.base/jdk.internal.reflect.NativeMethodAccessorImpl.invoke0(Native Method)
at java.base/jdk.internal.reflect.NativeMethodAccessorImpl.invoke(NativeMethodAccessorImpl.java:62)
at java.base/jdk.internal.reflect.DelegatingMethodAccessorImpl.invoke(DelegatingMethodAccessorImpl.java:43)
at java.base/java.lang.reflect.Method.invoke(Method.java:564)
at org.testng.internal.MethodInvocationHelper.invokeMethod(MethodInvocationHelper.java:124)
at org.testng.internal.MethodInvocationHelper.invokeMethodConsideringTimeout(MethodInvocationHelper.java:59)
at org.testng.internal.Invoker.invokeConfigurationMethod(Invoker.java:458)
at org.testng.internal.Invoker.invokeConfigurations(Invoker.java:222)
at org.testng.internal.Invoker.invokeConfigurations(Invoker.java:142)
at org.testng.TestRunner.beforeRun(TestRunner.java:529)
at org.testng.TestRunner.run(TestRunner.java:497)
at org.testng.SuiteRunner.runTest(SuiteRunner.java:455)
at org.testng.SuiteRunner.runSequentially(SuiteRunner.java:450)
at org.testng.SuiteRunner.privateRun(SuiteRunner.java:415)
at org.testng.SuiteRunner.run(SuiteRunner.java:364)
at org.testng.SuiteRunnerWorker.runSuite(SuiteRunnerWorker.java:52)
at org.testng.SuiteRunnerWorker.run(SuiteRunnerWorker.java:84)
at org.testng.TestNG.runSuitesSequentially(TestNG.java:1208)
at org.testng.TestNG.runSuitesLocally(TestNG.java:1137)
at org.testng.TestNG.runSuites(TestNG.java:1049)
at org.testng.TestNG.run(TestNG.java:1017)
at org.testng.remote.AbstractRemoteTestNG.run(AbstractRemoteTestNG.java:115)
at org.testng.remote.RemoteTestNG.initAndRun(RemoteTestNG.java:251)
at org.testng.remote.RemoteTestNG.main(RemoteTestNG.java:77)
]]>
            </full-stacktrace>
          </exception> <!-- org.openqa.selenium.SessionNotCreatedException -->
          <reporter-output>
          </reporter-output>
        </test-method> <!-- verifysignuplinktest -->
        <test-method signature="logintest()[pri:3, instance:testdatapage.Logintest@117bcfdc]" started-at="2020-05-13T07:09:35Z" name="logintest" finished-at="2020-05-13T07:09:35Z" duration-ms="0" status="SKIP">
          <exception class="org.openqa.selenium.SessionNotCreatedException">
            <message>
              <![CDATA[session not created: This version of ChromeDriver only supports Chrome version 83
Build info: version: '3.141.59', revision: 'e82be7d358', time: '2018-11-14T08:17:03'
System info: host: 'CUTEPUJA', ip: '192.168.1.13', os.name: 'Windows 8.1', os.arch: 'amd64', os.version: '6.3', java.version: '9.0.4'
Driver info: driver.version: ChromeDriver
remote stacktrace: Backtrace:
Ordinal0 [0x01419563+2725219]
Ordinal0 [0x01318551+1672529]
Ordinal0 [0x01200359+525145]
Ordinal0 [0x01190B77+68471]
Ordinal0 [0x0118D32C+54060]
Ordinal0 [0x011ACC37+183351]
Ordinal0 [0x011ACA3D+182845]
Ordinal0 [0x011AA94B+174411]
Ordinal0 [0x01192528+75048]
Ordinal0 [0x011935A0+79264]
Ordinal0 [0x01193539+79161]
Ordinal0 [0x0132D607+1758727]
GetHandleVerifier [0x01536546+1050150]
GetHandleVerifier [0x01536291+1049457]
GetHandleVerifier [0x015410D7+1094071]
GetHandleVerifier [0x01536B46+1051686]
Ordinal0 [0x01325B06+1727238]
Ordinal0 [0x0132EB7B+1764219]
Ordinal0 [0x0132ECE3+1764579]
Ordinal0 [0x01344C05+1854469]
BaseThreadInitThunk [0x77686A14+36]
RtlInitializeExceptionChain [0x7791AB4F+143]
RtlInitializeExceptionChain [0x7791AB1A+90]
]]>
            </message>
            <full-stacktrace>
              <![CDATA[org.openqa.selenium.SessionNotCreatedException: session not created: This version of ChromeDriver only supports Chrome version 83
Build info: version: '3.141.59', revision: 'e82be7d358', time: '2018-11-14T08:17:03'
System info: host: 'CUTEPUJA', ip: '192.168.1.13', os.name: 'Windows 8.1', os.arch: 'amd64', os.version: '6.3', java.version: '9.0.4'
Driver info: driver.version: ChromeDriver
remote stacktrace: Backtrace:
Ordinal0 [0x01419563+2725219]
Ordinal0 [0x01318551+1672529]
Ordinal0 [0x01200359+525145]
Ordinal0 [0x01190B77+68471]
Ordinal0 [0x0118D32C+54060]
Ordinal0 [0x011ACC37+183351]
Ordinal0 [0x011ACA3D+182845]
Ordinal0 [0x011AA94B+174411]
Ordinal0 [0x01192528+75048]
Ordinal0 [0x011935A0+79264]
Ordinal0 [0x01193539+79161]
Ordinal0 [0x0132D607+1758727]
GetHandleVerifier [0x01536546+1050150]
GetHandleVerifier [0x01536291+1049457]
GetHandleVerifier [0x015410D7+1094071]
GetHandleVerifier [0x01536B46+1051686]
Ordinal0 [0x01325B06+1727238]
Ordinal0 [0x0132EB7B+1764219]
Ordinal0 [0x0132ECE3+1764579]
Ordinal0 [0x01344C05+1854469]
BaseThreadInitThunk [0x77686A14+36]
RtlInitializeExceptionChain [0x7791AB4F+143]
RtlInitializeExceptionChain [0x7791AB1A+90]

at java.base/jdk.internal.reflect.NativeConstructorAccessorImpl.newInstance0(Native Method)
at java.base/jdk.internal.reflect.NativeConstructorAccessorImpl.newInstance(NativeConstructorAccessorImpl.java:62)
at java.base/jdk.internal.reflect.DelegatingConstructorAccessorImpl.newInstance(DelegatingConstructorAccessorImpl.java:45)
at java.base/java.lang.reflect.Constructor.newInstance(Constructor.java:488)
at org.openqa.selenium.remote.W3CHandshakeResponse.lambda$errorHandler$0(W3CHandshakeResponse.java:62)
at org.openqa.selenium.remote.HandshakeResponse.lambda$getResponseFunction$0(HandshakeResponse.java:30)
at org.openqa.selenium.remote.ProtocolHandshake.lambda$createSession$0(ProtocolHandshake.java:126)
at java.base/java.util.stream.ReferencePipeline$3$1.accept(ReferencePipeline.java:195)
at java.base/java.util.Spliterators$ArraySpliterator.tryAdvance(Spliterators.java:958)
at java.base/java.util.stream.ReferencePipeline.forEachWithCancel(ReferencePipeline.java:127)
at java.base/java.util.stream.AbstractPipeline.copyIntoWithCancel(AbstractPipeline.java:502)
at java.base/java.util.stream.AbstractPipeline.copyInto(AbstractPipeline.java:488)
at java.base/java.util.stream.AbstractPipeline.wrapAndCopyInto(AbstractPipeline.java:474)
at java.base/java.util.stream.FindOps$FindOp.evaluateSequential(FindOps.java:152)
at java.base/java.util.stream.AbstractPipeline.evaluate(AbstractPipeline.java:234)
at java.base/java.util.stream.ReferencePipeline.findFirst(ReferencePipeline.java:476)
at org.openqa.selenium.remote.ProtocolHandshake.createSession(ProtocolHandshake.java:128)
at org.openqa.selenium.remote.ProtocolHandshake.createSession(ProtocolHandshake.java:74)
at org.openqa.selenium.remote.HttpCommandExecutor.execute(HttpCommandExecutor.java:136)
at org.openqa.selenium.remote.service.DriverCommandExecutor.execute(DriverCommandExecutor.java:83)
at org.openqa.selenium.remote.RemoteWebDriver.execute(RemoteWebDriver.java:552)
at org.openqa.selenium.remote.RemoteWebDriver.startSession(RemoteWebDriver.java:213)
at org.openqa.selenium.remote.RemoteWebDriver.<init>(RemoteWebDriver.java:131)
at org.openqa.selenium.chrome.ChromeDriver.<init>(ChromeDriver.java:181)
at org.openqa.selenium.chrome.ChromeDriver.<init>(ChromeDriver.java:168)
at org.openqa.selenium.chrome.ChromeDriver.<init>(ChromeDriver.java:123)
at base.Base.initdriver(Base.java:51)
at testdatapage.Logintest.setup(Logintest.java:48)
at java.base/jdk.internal.reflect.NativeMethodAccessorImpl.invoke0(Native Method)
at java.base/jdk.internal.reflect.NativeMethodAccessorImpl.invoke(NativeMethodAccessorImpl.java:62)
at java.base/jdk.internal.reflect.DelegatingMethodAccessorImpl.invoke(DelegatingMethodAccessorImpl.java:43)
at java.base/java.lang.reflect.Method.invoke(Method.java:564)
at org.testng.internal.MethodInvocationHelper.invokeMethod(MethodInvocationHelper.java:124)
at org.testng.internal.MethodInvocationHelper.invokeMethodConsideringTimeout(MethodInvocationHelper.java:59)
at org.testng.internal.Invoker.invokeConfigurationMethod(Invoker.java:458)
at org.testng.internal.Invoker.invokeConfigurations(Invoker.java:222)
at org.testng.internal.Invoker.invokeConfigurations(Invoker.java:142)
at org.testng.TestRunner.beforeRun(TestRunner.java:529)
at org.testng.TestRunner.run(TestRunner.java:497)
at org.testng.SuiteRunner.runTest(SuiteRunner.java:455)
at org.testng.SuiteRunner.runSequentially(SuiteRunner.java:450)
at org.testng.SuiteRunner.privateRun(SuiteRunner.java:415)
at org.testng.SuiteRunner.run(SuiteRunner.java:364)
at org.testng.SuiteRunnerWorker.runSuite(SuiteRunnerWorker.java:52)
at org.testng.SuiteRunnerWorker.run(SuiteRunnerWorker.java:84)
at org.testng.TestNG.runSuitesSequentially(TestNG.java:1208)
at org.testng.TestNG.runSuitesLocally(TestNG.java:1137)
at org.testng.TestNG.runSuites(TestNG.java:1049)
at org.testng.TestNG.run(TestNG.java:1017)
at org.testng.remote.AbstractRemoteTestNG.run(AbstractRemoteTestNG.java:115)
at org.testng.remote.RemoteTestNG.initAndRun(RemoteTestNG.java:251)
at org.testng.remote.RemoteTestNG.main(RemoteTestNG.java:77)
]]>
            </full-stacktrace>
          </exception> <!-- org.openqa.selenium.SessionNotCreatedException -->
          <reporter-output>
          </reporter-output>
        </test-method> <!-- logintest -->
        <test-method is-config="true" signature="teardown()[pri:0, instance:testdatapage.Logintest@117bcfdc]" started-at="2020-05-13T07:09:35Z" name="teardown" finished-at="2020-05-13T07:09:35Z" duration-ms="0" status="SKIP">
          <reporter-output>
          </reporter-output>
        </test-method> <!-- teardown -->
      </class> <!-- testdatapage.Logintest -->
    </test> <!-- hub spot functional regression suit test cases -FF -->
    <test started-at="2020-05-13T07:09:38Z" name="hub spot functional regression suit test cases -chrome" finished-at="2020-05-13T07:11:11Z" duration-ms="93304">
      <class name="testdatapage.Logintest">
        <test-method is-config="true" signature="setup(java.lang.String)[pri:0, instance:testdatapage.Logintest@28e19366]" started-at="2020-05-13T07:09:38Z" name="setup" finished-at="2020-05-13T07:10:07Z" duration-ms="29881" status="PASS">
          <params>
            <param index="0">
              <value>
                <![CDATA[chrome]]>
              </value>
            </param>
          </params>
          <reporter-output>
          </reporter-output>
        </test-method> <!-- setup -->
        <test-method signature="verifyloginpagetitletest()[pri:1, instance:testdatapage.Logintest@28e19366]" started-at="2020-05-13T07:10:07Z" name="verifyloginpagetitletest" finished-at="2020-05-13T07:10:08Z" duration-ms="258" status="PASS">
          <reporter-output>
          </reporter-output>
        </test-method> <!-- verifyloginpagetitletest -->
        <test-method signature="verifysignuplinktest()[pri:2, instance:testdatapage.Logintest@28e19366]" started-at="2020-05-13T07:10:08Z" name="verifysignuplinktest" finished-at="2020-05-13T07:10:23Z" duration-ms="15177" status="PASS">
          <reporter-output>
          </reporter-output>
        </test-method> <!-- verifysignuplinktest -->
        <test-method signature="logintest()[pri:3, instance:testdatapage.Logintest@28e19366]" started-at="2020-05-13T07:10:23Z" name="logintest" finished-at="2020-05-13T07:11:09Z" duration-ms="45876" status="PASS">
          <reporter-output>
          </reporter-output>
        </test-method> <!-- logintest -->
        <test-method is-config="true" signature="teardown()[pri:0, instance:testdatapage.Logintest@28e19366]" started-at="2020-05-13T07:11:09Z" name="teardown" finished-at="2020-05-13T07:11:11Z" duration-ms="1995" status="PASS">
          <reporter-output>
          </reporter-output>
        </test-method> <!-- teardown -->
      </class> <!-- testdatapage.Logintest -->
    </test> <!-- hub spot functional regression suit test cases -chrome -->
  </suite> <!-- Hubspot regerssion suite -->
</testng-results>
